Task 7 is complete. Here's a summary of what was accomplished:

## Task 7 Summary: Refactor page.tsx to Use New Components

### Results
- **Line count:** 676 → 283 lines (58% reduction, target was <300 ✅)
- **Build:** Passes ✅

### Changes Made
1. **Wrapped content with `ChatProvider`** — Session state management moved to context
2. **Extracted `ChatContent`** to `src/components/chat-content.tsx` (196 lines)
   - Error banner, activity bar, conversation area, and input
   - Uses `useChatContext` for all session data
3. **Extracted `SettingsPanel`** to `src/components/settings-panel.tsx` (88 lines)
4. **Extracted `MobileHeader`** to `src/components/mobile-header.tsx` (27 lines)
5. **Added `FaviconWithContext`** — Small wrapper to get status from ChatContext
6. **Removed `useSessionChat`** — Provider handles all session state

### New Component Architecture
```
page.tsx (283 lines)
├── ChatProvider
│   ├── FaviconWithContext
│   └── ChatContent
│       ├── ActivityBar
│       ├── Conversation
│       │   ├── SessionScrollHandler
│       │   └── ChatMessageList
│       └── PromptInput
├── SessionSidebar
├── SettingsPanel
└── MobileHeader
```

### Files Created
- `src/components/chat-content.tsx`
- `src/components/settings-panel.tsx`
- `src/components/mobile-header.tsx`
